
> frontend@0.1.0 dev
> next dev -p 3000

▲ Next.js 16.1.6 (Turbopack)
- Local:         http://localhost:3000
- Network:       http://192.168.1.11:3000
- Environments: .env.local

✓ Starting...
✓ Ready in 1342ms
 GET / 200 in 476ms (compile: 354ms, render: 122ms)
 GET / 200 in 64ms (compile: 14ms, render: 51ms)
 GET /register/event 200 in 512ms (compile: 496ms, render: 16ms)
 GET / 200 in 452ms (compile: 95ms, render: 357ms)
⨯ ./app/lobby/[slug]/page.tsx:8:1
Export eventApi doesn't exist in target module
[0m [90m  6 |[39m [36mimport[39m { [33mHome[39m[33m,[39m [33mBarChart3[39m[33m,[39m [33mImage[39m[33m,[39m [33mMessageSquare[39m[33m,[39m [33mAward[39m[33m,[39m [33mMenu[39m[33m,[39m [33mX[39m[33m,[39m [33mLogOut[39m } [36mfrom[39m [32m"lucide-react"[39m[33m;[39m
 [90m  7 |[39m [36mimport[39m { useAuthStore } [36mfrom[39m [32m"@/store/auth"[39m[33m;[39m
[31m[1m>[22m[39m[90m  8 |[39m [36mimport[39m { eventApi } [36mfrom[39m [32m"@/lib/api"[39m[33m;[39m
 [90m    |[39m [31m[1m^[22m[39m[31m[1m^[22m[39m[31m[1m^[22m[39m[31m[1m^[22m[39m[31m[1m^[22m[39m[31m[1m^[22m[39m[31m[1m^[22m[39m[31m[1m^[22m[39m[31m[1m^[22m[39m[31m[1m^[22m[39m[31m[1m^[22m[39m[31m[1m^[22m[39m[31m[1m^[22m[39m[31m[1m^[22m[39m[31m[1m^[22m[39m[31m[1m^[22m[39m[31m[1m^[22m[39m[31m[1m^[22m[39m[31m[1m^[22m[39m[31m[1m^[22m[39m[31m[1m^[22m[39m[31m[1m^[22m[39m[31m[1m^[22m[39m[31m[1m^[22m[39m[31m[1m^[22m[39m[31m[1m^[22m[39m[31m[1m^[22m[39m[31m[1m^[22m[39m[31m[1m^[22m[39m[31m[1m^[22m[39m[31m[1m^[22m[39m[31m[1m^[22m[39m[31m[1m^[22m[39m[31m[1m^[22m[39m[31m[1m^[22m[39m[31m[1m^[22m[39m[31m[1m^[22m[39m
 [90m  9 |[39m [36mimport[39m type { [33mEventLobby[39m } [36mfrom[39m [32m"@/lib/api"[39m[33m;[39m
 [90m 10 |[39m
 [90m 11 |[39m [36mimport[39m [33mLobbyOverview[39m [36mfrom[39m [32m"@/components/lobby/lobby-overview"[39m[33m;[39m[0m

The export eventApi was not found in module [project]/lib/api.ts [app-client] (ecmascript).
Did you mean to import eventsApi?
All exports of the module are statically known (It doesn't have dynamic exports). So it's known statically that the requested export doesn't exist.

Import traces:
  Client Component Browser:
    ./app/lobby/[slug]/page.tsx [Client Component Browser]
    ./app/lobby/[slug]/page.tsx [Server Component]

  Client Component SSR:
    ./app/lobby/[slug]/page.tsx [Client Component SSR]
    ./app/lobby/[slug]/page.tsx [Server Component]



./app/lobby/[slug]/page.tsx:8:1
Export eventApi doesn't exist in target module
[0m [90m  6 |[39m [36mimport[39m { [33mHome[39m[33m,[39m [33mBarChart3[39m[33m,[39m [33mImage[39m[33m,[39m [33mMessageSquare[39m[33m,[39m [33mAward[39m[33m,[39m [33mMenu[39m[33m,[39m [33mX[39m[33m,[39m [33mLogOut[39m } [36mfrom[39m [32m"lucide-react"[39m[33m;[39m
 [90m  7 |[39m [36mimport[39m { useAuthStore } [36mfrom[39m [32m"@/store/auth"[39m[33m;[39m
[31m[1m>[22m[39m[90m  8 |[39m [36mimport[39m { eventApi } [36mfrom[39m [32m"@/lib/api"[39m[33m;[39m
 [90m    |[39m [31m[1m^[22m[39m[31m[1m^[22m[39m[31m[1m^[22m[39m[31m[1m^[22m[39m[31m[1m^[22m[39m[31m[1m^[22m[39m[31m[1m^[22m[39m[31m[1m^[22m[39m[31m[1m^[22m[39m[31m[1m^[22m[39m[31m[1m^[22m[39m[31m[1m^[22m[39m[31m[1m^[22m[39m[31m[1m^[22m[39m[31m[1m^[22m[39m[31m[1m^[22m[39m[31m[1m^[22m[39m[31m[1m^[22m[39m[31m[1m^[22m[39m[31m[1m^[22m[39m[31m[1m^[22m[39m[31m[1m^[22m[39m[31m[1m^[22m[39m[31m[1m^[22m[39m[31m[1m^[22m[39m[31m[1m^[22m[39m[31m[1m^[22m[39m[31m[1m^[22m[39m[31m[1m^[22m[39m[31m[1m^[22m[39m[31m[1m^[22m[39m[31m[1m^[22m[39m[31m[1m^[22m[39m[31m[1m^[22m[39m[31m[1m^[22m[39m[31m[1m^[22m[39m[31m[1m^[22m[39m
 [90m  9 |[39m [36mimport[39m type { [33mEventLobby[39m } [36mfrom[39m [32m"@/lib/api"[39m[33m;[39m
 [90m 10 |[39m
 [90m 11 |[39m [36mimport[39m [33mLobbyOverview[39m [36mfrom[39m [32m"@/components/lobby/lobby-overview"[39m[33m;[39m[0m

The export eventApi was not found in module [project]/lib/api.ts [app-ssr] (ecmascript).
Did you mean to import eventsApi?
All exports of the module are statically known (It doesn't have dynamic exports). So it's known statically that the requested export doesn't exist.

Import traces:
  Client Component Browser:
    ./app/lobby/[slug]/page.tsx [Client Component Browser]
    ./app/lobby/[slug]/page.tsx [Server Component]

  Client Component SSR:
    ./app/lobby/[slug]/page.tsx [Client Component SSR]
    ./app/lobby/[slug]/page.tsx [Server Component]


 GET /lobby/event 500 in 1168ms (compile: 1046ms, render: 122ms)
⨯ ./app/lobby/[slug]/page.tsx:8:1
Export eventApi doesn't exist in target module
[0m [90m  6 |[39m [36mimport[39m { [33mHome[39m[33m,[39m [33mBarChart3[39m[33m,[39m [33mImage[39m[33m,[39m [33mMessageSquare[39m[33m,[39m [33mAward[39m[33m,[39m [33mMenu[39m[33m,[39m [33mX[39m[33m,[39m [33mLogOut[39m } [36mfrom[39m [32m"lucide-react"[39m[33m;[39m
 [90m  7 |[39m [36mimport[39m { useAuthStore } [36mfrom[39m [32m"@/store/auth"[39m[33m;[39m
[31m[1m>[22m[39m[90m  8 |[39m [36mimport[39m { eventApi } [36mfrom[39m [32m"@/lib/api"[39m[33m;[39m
 [90m    |[39m [31m[1m^[22m[39m[31m[1m^[22m[39m[31m[1m^[22m[39m[31m[1m^[22m[39m[31m[1m^[22m[39m[31m[1m^[22m[39m[31m[1m^[22m[39m[31m[1m^[22m[39m[31m[1m^[22m[39m[31m[1m^[22m[39m[31m[1m^[22m[39m[31m[1m^[22m[39m[31m[1m^[22m[39m[31m[1m^[22m[39m[31m[1m^[22m[39m[31m[1m^[22m[39m[31m[1m^[22m[39m[31m[1m^[22m[39m[31m[1m^[22m[39m[31m[1m^[22m[39m[31m[1m^[22m[39m[31m[1m^[22m[39m[31m[1m^[22m[39m[31m[1m^[22m[39m[31m[1m^[22m[39m[31m[1m^[22m[39m[31m[1m^[22m[39m[31m[1m^[22m[39m[31m[1m^[22m[39m[31m[1m^[22m[39m[31m[1m^[22m[39m[31m[1m^[22m[39m[31m[1m^[22m[39m[31m[1m^[22m[39m[31m[1m^[22m[39m[31m[1m^[22m[39m[31m[1m^[22m[39m
 [90m  9 |[39m [36mimport[39m type { [33mEventLobby[39m } [36mfrom[39m [32m"@/lib/api"[39m[33m;[39m
 [90m 10 |[39m
 [90m 11 |[39m [36mimport[39m [33mLobbyOverview[39m [36mfrom[39m [32m"@/components/lobby/lobby-overview"[39m[33m;[39m[0m

The export eventApi was not found in module [project]/lib/api.ts [app-client] (ecmascript).
Did you mean to import eventsApi?
All exports of the module are statically known (It doesn't have dynamic exports). So it's known statically that the requested export doesn't exist.

Import traces:
  Client Component Browser:
    ./app/lobby/[slug]/page.tsx [Client Component Browser]
    ./app/lobby/[slug]/page.tsx [Server Component]

  Client Component SSR:
    ./app/lobby/[slug]/page.tsx [Client Component SSR]
    ./app/lobby/[slug]/page.tsx [Server Component]



./app/lobby/[slug]/page.tsx:8:1
Export eventApi doesn't exist in target module
[0m [90m  6 |[39m [36mimport[39m { [33mHome[39m[33m,[39m [33mBarChart3[39m[33m,[39m [33mImage[39m[33m,[39m [33mMessageSquare[39m[33m,[39m [33mAward[39m[33m,[39m [33mMenu[39m[33m,[39m [33mX[39m[33m,[39m [33mLogOut[39m } [36mfrom[39m [32m"lucide-react"[39m[33m;[39m
 [90m  7 |[39m [36mimport[39m { useAuthStore } [36mfrom[39m [32m"@/store/auth"[39m[33m;[39m
[31m[1m>[22m[39m[90m  8 |[39m [36mimport[39m { eventApi } [36mfrom[39m [32m"@/lib/api"[39m[33m;[39m
 [90m    |[39m [31m[1m^[22m[39m[31m[1m^[22m[39m[31m[1m^[22m[39m[31m[1m^[22m[39m[31m[1m^[22m[39m[31m[1m^[22m[39m[31m[1m^[22m[39m[31m[1m^[22m[39m[31m[1m^[22m[39m[31m[1m^[22m[39m[31m[1m^[22m[39m[31m[1m^[22m[39m[31m[1m^[22m[39m[31m[1m^[22m[39m[31m[1m^[22m[39m[31m[1m^[22m[39m[31m[1m^[22m[39m[31m[1m^[22m[39m[31m[1m^[22m[39m[31m[1m^[22m[39m[31m[1m^[22m[39m[31m[1m^[22m[39m[31m[1m^[22m[39m[31m[1m^[22m[39m[31m[1m^[22m[39m[31m[1m^[22m[39m[31m[1m^[22m[39m[31m[1m^[22m[39m[31m[1m^[22m[39m[31m[1m^[22m[39m[31m[1m^[22m[39m[31m[1m^[22m[39m[31m[1m^[22m[39m[31m[1m^[22m[39m[31m[1m^[22m[39m[31m[1m^[22m[39m[31m[1m^[22m[39m
 [90m  9 |[39m [36mimport[39m type { [33mEventLobby[39m } [36mfrom[39m [32m"@/lib/api"[39m[33m;[39m
 [90m 10 |[39m
 [90m 11 |[39m [36mimport[39m [33mLobbyOverview[39m [36mfrom[39m [32m"@/components/lobby/lobby-overview"[39m[33m;[39m[0m

The export eventApi was not found in module [project]/lib/api.ts [app-ssr] (ecmascript).
Did you mean to import eventsApi?
All exports of the module are statically known (It doesn't have dynamic exports). So it's known statically that the requested export doesn't exist.

Import traces:
  Client Component Browser:
    ./app/lobby/[slug]/page.tsx [Client Component Browser]
    ./app/lobby/[slug]/page.tsx [Server Component]

  Client Component SSR:
    ./app/lobby/[slug]/page.tsx [Client Component SSR]
    ./app/lobby/[slug]/page.tsx [Server Component]


 GET /lobby/event 500 in 20ms (compile: 12ms, render: 8ms)
✓ Compiled in 578ms
 GET /lobby/event 200 in 716ms (compile: 603ms, render: 113ms)
 GET /register/event 200 in 205ms (compile: 38ms, render: 168ms)
 GET /lobby/event 200 in 33ms (compile: 13ms, render: 20ms)
 GET /register/event 200 in 104ms (compile: 11ms, render: 93ms)
✓ Compiled in 193ms
 GET /lobby/event 200 in 122ms (compile: 82ms, render: 39ms)
 GET / 200 in 136ms (compile: 53ms, render: 82ms)
 GET /register/event 200 in 27ms (compile: 11ms, render: 16ms)
 GET /lobby/event 200 in 41ms (compile: 16ms, render: 24ms)
✓ Compiled in 97ms
✓ Compiled in 444ms
✓ Compiled in 505ms
 GET /lobby/event 200 in 696ms (compile: 452ms, render: 244ms)
 GET /register/event 200 in 123ms (compile: 65ms, render: 58ms)
 GET /register/event 200 in 35ms (compile: 15ms, render: 20ms)
✓ Compiled in 1133ms
 GET /register/event 200 in 964ms (compile: 490ms, render: 475ms)
✓ Compiled in 226ms
✓ Compiled in 82ms
✓ Compiled in 85ms
✓ Compiled in 390ms
 GET /register/event 200 in 885ms (compile: 463ms, render: 422ms)
 GET / 200 in 118ms (compile: 26ms, render: 92ms)
 GET /register/event 200 in 51ms (compile: 13ms, render: 38ms)
 GET /lobby/event 200 in 172ms (compile: 107ms, render: 65ms)
 GET /lobby/event 200 in 49ms (compile: 7ms, render: 43ms)
 GET /lobby/event 200 in 244ms (compile: 43ms, render: 200ms)
 GET /register/event 200 in 78ms (compile: 19ms, render: 59ms)
 GET /register/event 200 in 29ms (compile: 12ms, render: 16ms)
 GET /lobby/event 200 in 53ms (compile: 23ms, render: 29ms)
 GET /lobby/event 200 in 19ms (compile: 4ms, render: 14ms)
✓ Compiled in 588ms
✓ Compiled in 141ms
 GET /lobby/event 200 in 777ms (compile: 463ms, render: 313ms)
✓ Compiled in 195ms
